<?xml version="1.0" encoding="UTF-8"?>
<testng-results ignored="0" total="1" passed="1" failed="0" skipped="0">
  <reporter-output>
  </reporter-output>
  <suite started-at="2023-02-14T23:44:55 IST" name="Default suite" finished-at="2023-02-14T23:44:57 IST" duration-ms="2632">
    <groups>
    </groups>
    <test started-at="2023-02-14T23:44:55 IST" name="Default test" finished-at="2023-02-14T23:44:57 IST" duration-ms="2632">
      <class name="Test_Post">
        <test-method signature="test_4_delete()[pri:0, instance:Test_Post@5403f35f]" started-at="2023-02-14T23:44:55 IST" name="test_4_delete" finished-at="2023-02-14T23:44:57 IST" duration-ms="2579" status="PASS">
          <reporter-output>
          </reporter-output>
        </test-method> <!-- test_4_delete -->
      </class> <!-- Test_Post -->
    </test> <!-- Default test -->
  </suite> <!-- Default suite -->
</testng-results>
